[root][Thu Oct 22 08:23:13 IST 2020] /root/db-backup/data1_backup Backup Directory not Found
[root][Thu Oct 22 08:23:13 IST 2020] /root/db-backup/data2_backup Backup Directory not Found
[root][Thu Oct 22 08:23:13 IST 2020] /root/db-backup/data3_backup Backup Directory not Found
[root][Thu Oct 22 08:23:26 IST 2020] /root/db-backup/data1_backup Backup Directory not Found
[root][Thu Oct 22 08:23:26 IST 2020] /root/db-backup/data2_backup Backup Directory not Found
[root][Thu Oct 22 08:23:26 IST 2020] /root/db-backup/data3_backup Backup Directory not Found
Size of /root/db-backup/data1_backup = 4096 bytes.
Email failed for:  backup.slq backup filesize is: 4096
[root][Thu Oct 22 08:27:55 IST 2020] File size NOT OK
Size of /root/db-backup/data2_backup = 4096 bytes.
Email failed for:  test2.sql backup filesize is: 4096
[root][Thu Oct 22 08:27:55 IST 2020] File size NOT OK
Size of /root/db-backup/data3_backup = 4096 bytes.
Email failed for:  test3.sql backup filesize is: 4096
[root][Thu Oct 22 08:27:55 IST 2020] File size NOT OK
Size of /root/db-backup/data1_backup = 4096 bytes.
Email failed for:  backup.slq backup filesize is: 4096
[root][Thu Oct 22 08:28:32 IST 2020] File size NOT OK
Size of /root/db-backup/data2_backup = 4096 bytes.
Email failed for:  test2.sql backup filesize is: 4096
[root][Thu Oct 22 08:28:32 IST 2020] File size NOT OK
Size of /root/db-backup/data3_backup = 4096 bytes.
Email failed for:  test3.sql backup filesize is: 4096
[root][Thu Oct 22 08:28:32 IST 2020] File size NOT OK
Size of /root/db-backup/data1_backup = 4096 bytes.
Email failed for:  backup.slq backup filesize is: 4096
[root][Thu Oct 22 08:28:56 IST 2020] File size NOT OK
Size of /root/db-backup/data2_backup = 4096 bytes.
Email failed for:  test2.sql backup filesize is: 4096
[root][Thu Oct 22 08:28:56 IST 2020] File size NOT OK
Size of /root/db-backup/data3_backup = 4096 bytes.
Email failed for:  test3.sql backup filesize is: 4096
[root][Thu Oct 22 08:28:56 IST 2020] File size NOT OK
Size of /root/db-backup/data1_backup = 4096 bytes.
Email failed for:  backup.slq backup filesize is: 4096
[root][Thu Oct 22 08:29:47 IST 2020] File size NOT OK
Size of /root/db-backup/data2_backup = 4096 bytes.
Email failed for:  test2.sql backup filesize is: 4096
[root][Thu Oct 22 08:29:47 IST 2020] File size NOT OK
Size of /root/db-backup/data3_backup = 4096 bytes.
Email failed for:  test3.sql backup filesize is: 4096
[root][Thu Oct 22 08:29:47 IST 2020] File size NOT OK
Size of /root/db-backup/data1_backup = 4096 bytes.
Email sent for: backup.slq backup filesize is: 4096
[root][Thu Oct 22 08:32:07 IST 2020] File size NOT OK
Size of /root/db-backup/data2_backup = 4096 bytes.
Email sent for: test2.sql backup filesize is: 4096
[root][Thu Oct 22 08:32:08 IST 2020] File size NOT OK
Size of /root/db-backup/data3_backup = 4096 bytes.
Email sent for: test3.sql backup filesize is: 4096
[root][Thu Oct 22 08:32:08 IST 2020] File size NOT OK
Size of /root/db-backup/data1_backup = 4096 bytes.
Email sent for: backup.slq backup filesize is: 4096
[root][Thu Oct 22 08:34:52 IST 2020] File size NOT OK
Size of /root/db-backup/data2_backup = 4096 bytes.
Email sent for: test2.sql backup filesize is: 4096
[root][Thu Oct 22 08:34:52 IST 2020] File size NOT OK
Size of /root/db-backup/data3_backup = 4096 bytes.
Email sent for: test3.sql backup filesize is: 4096
[root][Thu Oct 22 08:34:52 IST 2020] File size NOT OK
